[2025-05-04T21:44:47.119Z] Server listening on port 5000
[2025-05-04T21:44:47.162Z] Client1 connected
[2025-05-04T21:44:47.163Z] Client2 connected
[2025-05-04T21:44:47.164Z] Client3 connected
[2025-05-04T21:45:19.248Z] Client1: hi
[2025-05-04T21:45:22.759Z] Client2: hello
[2025-05-04T21:45:26.703Z] Client3: nice
[2025-05-04T21:45:36.172Z] Client3 changed username to freakybunny
[2025-05-04T21:45:46.402Z] Client2 changed username to nochocheese
[2025-05-04T21:45:58.515Z] Client1 changed username to cupcake
[2025-05-04T21:46:22.135Z] cupcake whispered to freakybunny: do you like nochocheese
[2025-05-04T21:47:23.745Z] cupcake was kicked by nochocheese
[2025-05-04T21:47:23.754Z] Client1 error: read ECONNRESET
[2025-05-04T21:47:42.653Z] freakybunny: what?
[2025-05-04T21:47:45.121Z] nochocheese: haha
[2025-05-04T21:47:52.328Z] Client2 error: read ECONNRESET
[2025-05-04T21:47:52.329Z] nochocheese disconnected
[2025-05-04T21:47:55.146Z] Client3 error: read ECONNRESET
[2025-05-04T21:47:55.147Z] freakybunny disconnected
[2025-05-04T21:48:02.579Z] Server shutting down
